\BOOKMARK [0][-]{chapter.1}{Introduction}{}% 3
\BOOKMARK [1][-]{section.1.1}{Motivation}{chapter.1}% 4
\BOOKMARK [1][-]{section.1.2}{Background}{chapter.1}% 5
\BOOKMARK [1][-]{section.1.3}{Objectives}{chapter.1}% 6
\BOOKMARK [1][-]{section.1.4}{My Approach}{chapter.1}% 7
\BOOKMARK [0][-]{chapter.2}{Literature Review}{}% 8
\BOOKMARK [0][-]{chapter.3}{Requirements}{}% 9
\BOOKMARK [1][-]{section.3.1}{Requirements}{chapter.3}% 10
\BOOKMARK [0][-]{chapter.4}{Development Process}{}% 11
\BOOKMARK [0][-]{chapter.5}{Tools and Technologies}{}% 12
\BOOKMARK [1][-]{section.5.1}{Vue js}{chapter.5}% 13
\BOOKMARK [1][-]{section.5.2}{Vuex}{chapter.5}% 14
\BOOKMARK [1][-]{section.5.3}{Heroku}{chapter.5}% 15
\BOOKMARK [1][-]{section.5.4}{Database}{chapter.5}% 16
\BOOKMARK [0][-]{chapter.6}{Design}{}% 17
\BOOKMARK [1][-]{section.6.1}{Architecture}{chapter.6}% 18
\BOOKMARK [1][-]{section.6.2}{Algorithm Pages}{chapter.6}% 19
\BOOKMARK [0][-]{chapter.7}{Testing}{}% 20
\BOOKMARK [1][-]{section.7.1}{Unit Testing}{chapter.7}% 21
\BOOKMARK [1][-]{section.7.2}{In-Class Presentations}{chapter.7}% 22
\BOOKMARK [0][-]{chapter.8}{Guide}{}% 23
\BOOKMARK [1][-]{section.8.1}{Conclusions}{chapter.8}% 24
\BOOKMARK [0][-]{chapter*.2}{References}{}% 25
